[[1;32mI[0m] [1;31mtheme[0m: Set theme to [1;37mcolors.json[0m.
[[1;32mI[0m] [1;31mwallpaper[0m: Set the new wallpaper.
[[1;32mI[0m] [1;31msequences[0m: Set terminal colors.
Traceback (most recent call last):
  File "/usr/bin/wal", line 33, in <module>
    sys.exit(load_entry_point('pywal==3.3.0', 'console_scripts', 'wal')())
  File "/usr/lib/python3.10/site-packages/pywal/__main__.py", line 208, in main
    parse_args(parser)
  File "/usr/lib/python3.10/site-packages/pywal/__main__.py", line 185, in parse_args
    export.every(colors_plain)
  File "/usr/lib/python3.10/site-packages/pywal/export.py", line 68, in every
    template(colors, file.path, join(output_dir, file.name))
  File "/usr/lib/python3.10/site-packages/pywal/export.py", line 15, in template
    template_data = "".join(template_data).format(**colors)
KeyError: '\n    active-background'
polybar|notice:  Parsing config file: /home/om/.config/polybar/config.ini
polybar|notice:  Loading module 'battery' of type 'internal/battery'
polybar|notice:  Loading module 'pulseaudio' of type 'internal/pulseaudio'
polybar|notice:  pulseaudio: using default sink alsa_output.pci-0000_00_1b.0.analog-stereo
polybar|notice:  Loading module 'xwindow' of type 'internal/xwindow'
polybar|notice:  Loading module 'bspwm' of type 'internal/bspwm'
polybar|notice:  Loading module 'cpu' of type 'internal/cpu'
polybar|notice:  Loading module 'memory' of type 'internal/memory'
polybar|notice:  Loading module 'filesystem' of type 'internal/fs'
polybar|notice:  Loading module 'updates' of type 'custom/script'
polybar|notice:  Loading module 'network' of type 'internal/network'
polybar|notice:  Loading module 'date' of type 'internal/date'
polybar|notice:  Loaded 10 modules
polybar|notice:  Loaded font "IBM Plex Mono:style=Regular:pixelsize=9" (name=IBM Plex Mono, offset=1, file=/usr/share/fonts/TTF/IBMPlexMono-Regular.ttf)
polybar|notice:  Loaded font "Material Icons:style=Regular:pixelsize=12" (name=Material Icons, offset=2, file=/usr/share/fonts/TTF/MaterialIcons-Regular.ttf)
polybar|notice:  Loaded font "Fira Mono:style=Regular:pixelsize=10" (name=FreeSans, offset=3, file=/usr/share/fonts/gnu-free/FreeSans.otf)
polybar|notice:  Received signal(15): Terminated
polybar|notice:  Termination signal received, shutting down...
[[1;32mI[0m] [1;31mtheme[0m: Set theme to [1;37mcolors.json[0m.
[[1;32mI[0m] [1;31mwallpaper[0m: Set the new wallpaper.
[[1;32mI[0m] [1;31msequences[0m: Set terminal colors.
Traceback (most recent call last):
  File "/usr/bin/wal", line 33, in <module>
    sys.exit(load_entry_point('pywal==3.3.0', 'console_scripts', 'wal')())
  File "/usr/lib/python3.10/site-packages/pywal/__main__.py", line 208, in main
    parse_args(parser)
  File "/usr/lib/python3.10/site-packages/pywal/__main__.py", line 185, in parse_args
    export.every(colors_plain)
  File "/usr/lib/python3.10/site-packages/pywal/export.py", line 68, in every
    template(colors, file.path, join(output_dir, file.name))
  File "/usr/lib/python3.10/site-packages/pywal/export.py", line 15, in template
    template_data = "".join(template_data).format(**colors)
KeyError: '\n    active-background'
polybar|notice:  Parsing config file: /home/om/.config/polybar/config.ini
polybar|notice:  Loading module 'battery' of type 'internal/battery'
polybar|notice:  Loading module 'pulseaudio' of type 'internal/pulseaudio'
polybar|notice:  pulseaudio: using default sink alsa_output.pci-0000_00_1b.0.analog-stereo
polybar|notice:  Loading module 'xwindow' of type 'internal/xwindow'
polybar|notice:  Loading module 'bspwm' of type 'internal/bspwm'
polybar|notice:  Loading module 'cpu' of type 'internal/cpu'
polybar|notice:  Loading module 'memory' of type 'internal/memory'
polybar|notice:  Loading module 'filesystem' of type 'internal/fs'
polybar|notice:  Loading module 'updates' of type 'custom/script'
polybar|notice:  Loading module 'network' of type 'internal/network'
polybar|notice:  Loading module 'date' of type 'internal/date'
polybar|notice:  Loaded 10 modules
polybar|notice:  Loaded font "IBM Plex Mono:style=Regular:pixelsize=9" (name=IBM Plex Mono, offset=1, file=/usr/share/fonts/TTF/IBMPlexMono-Regular.ttf)
polybar|notice:  Loaded font "Material Icons:style=Regular:pixelsize=12" (name=Material Icons, offset=2, file=/usr/share/fonts/TTF/MaterialIcons-Regular.ttf)
polybar|notice:  Loaded font "Fira Mono:style=Regular:pixelsize=10" (name=FreeSans, offset=3, file=/usr/share/fonts/gnu-free/FreeSans.otf)
polybar|notice:  Received signal(15): Terminated
polybar|notice:  Termination signal received, shutting down...
[[1;32mI[0m] [1;31mtheme[0m: Set theme to [1;37mcolors.json[0m.
[[1;32mI[0m] [1;31mwallpaper[0m: Set the new wallpaper.
[[1;32mI[0m] [1;31msequences[0m: Set terminal colors.
Traceback (most recent call last):
  File "/usr/bin/wal", line 33, in <module>
    sys.exit(load_entry_point('pywal==3.3.0', 'console_scripts', 'wal')())
  File "/usr/lib/python3.10/site-packages/pywal/__main__.py", line 208, in main
    parse_args(parser)
  File "/usr/lib/python3.10/site-packages/pywal/__main__.py", line 185, in parse_args
    export.every(colors_plain)
  File "/usr/lib/python3.10/site-packages/pywal/export.py", line 68, in every
    template(colors, file.path, join(output_dir, file.name))
  File "/usr/lib/python3.10/site-packages/pywal/export.py", line 15, in template
    template_data = "".join(template_data).format(**colors)
KeyError: '\n    active-background'
polybar|notice:  Parsing config file: /home/om/.config/polybar/config.ini
polybar|notice:  Loading module 'battery' of type 'internal/battery'
polybar|notice:  Loading module 'pulseaudio' of type 'internal/pulseaudio'
polybar|notice:  pulseaudio: using default sink alsa_output.pci-0000_00_1b.0.analog-stereo
polybar|notice:  Loading module 'xwindow' of type 'internal/xwindow'
polybar|notice:  Loading module 'bspwm' of type 'internal/bspwm'
polybar|notice:  Loading module 'cpu' of type 'internal/cpu'
polybar|notice:  Loading module 'memory' of type 'internal/memory'
polybar|notice:  Loading module 'filesystem' of type 'internal/fs'
polybar|notice:  Loading module 'updates' of type 'custom/script'
polybar|notice:  Loading module 'network' of type 'internal/network'
polybar|notice:  Loading module 'date' of type 'internal/date'
polybar|notice:  Loaded 10 modules
polybar|notice:  Loaded font "IBM Plex Mono:style=Regular:pixelsize=9" (name=IBM Plex Mono, offset=1, file=/usr/share/fonts/TTF/IBMPlexMono-Regular.ttf)
polybar|notice:  Loaded font "Material Icons:style=Regular:pixelsize=12" (name=Material Icons, offset=2, file=/usr/share/fonts/TTF/MaterialIcons-Regular.ttf)
polybar|notice:  Loaded font "Fira Mono:style=Regular:pixelsize=10" (name=FreeSans, offset=3, file=/usr/share/fonts/gnu-free/FreeSans.otf)
